<?xml version="1.0" encoding="UTF-8"?>
<testsuite name="jinbok.culture.board.BoardApplicationTests" tests="1" skipped="0" failures="0" errors="0" timestamp="2025-01-04T16:44:43" hostname="ijinbog-ui-MacBookPro.local" time="0.26">
  <properties/>
  <testcase name="contextLoads()" classname="jinbok.culture.board.BoardApplicationTests" time="0.26"/>
  <system-out><![CDATA[01:44:40.955 [Test worker] INFO org.springframework.test.context.support.AnnotationConfigContextLoaderUtils -- Could not detect default configuration classes for test class [jinbok.culture.board.BoardApplicationTests]: BoardApplicationTests does not declare any static, non-private, non-final, nested classes annotated with @Configuration.
01:44:40.991 [Test worker] INFO org.springframework.boot.test.context.SpringBootTestContextBootstrapper -- Found @SpringBootConfiguration jinbok.culture.BoardApplication for test class jinbok.culture.board.BoardApplicationTests

  .   ____          _            __ _ _
 /\\ / ___'_ __ _ _(_)_ __  __ _ \ \ \ \
( ( )\___ | '_ | '_| | '_ \/ _` | \ \ \ \
 \\/  ___)| |_)| | | | | || (_| |  ) ) ) )
  '  |____| .__|_| |_|_| |_\__, | / / / /
 =========|_|==============|___/=/_/_/_/

 :: Spring Boot ::                (v3.3.3)

2025-01-05T01:44:41.118+09:00  INFO 66031 --- [    Test worker] j.culture.board.BoardApplicationTests    : Starting BoardApplicationTests using Java 17.0.10 with PID 66031 (started by ljb4582 in /Users/ljb4582/Desktop/Personal Project/backend/board)
2025-01-05T01:44:41.118+09:00  INFO 66031 --- [    Test worker] j.culture.board.BoardApplicationTests    : The following 1 profile is active: "dev"
2025-01-05T01:44:41.327+09:00  INFO 66031 --- [    Test worker] .s.d.r.c.RepositoryConfigurationDelegate : Bootstrapping Spring Data JPA repositories in DEFAULT mode.
2025-01-05T01:44:41.379+09:00  INFO 66031 --- [    Test worker] .s.d.r.c.RepositoryConfigurationDelegate : Finished Spring Data repository scanning in 49 ms. Found 3 JPA repository interfaces.
2025-01-05T01:44:41.520+09:00  INFO 66031 --- [    Test worker] o.hibernate.jpa.internal.util.LogHelper  : HHH000204: Processing PersistenceUnitInfo [name: default]
2025-01-05T01:44:41.538+09:00  INFO 66031 --- [    Test worker] org.hibernate.Version                    : HHH000412: Hibernate ORM core version 6.5.2.Final
2025-01-05T01:44:41.549+09:00  INFO 66031 --- [    Test worker] o.h.c.internal.RegionFactoryInitiator    : HHH000026: Second-level cache disabled
2025-01-05T01:44:41.637+09:00  INFO 66031 --- [    Test worker] o.s.o.j.p.SpringPersistenceUnitInfo      : No LoadTimeWeaver setup: ignoring JPA class transformer
2025-01-05T01:44:41.645+09:00  INFO 66031 --- [    Test worker] com.zaxxer.hikari.HikariDataSource       : HikariPool-1 - Starting...
2025-01-05T01:44:41.757+09:00  INFO 66031 --- [    Test worker] com.zaxxer.hikari.pool.HikariPool        : HikariPool-1 - Added connection com.mysql.cj.jdbc.ConnectionImpl@470c4229
2025-01-05T01:44:41.757+09:00  INFO 66031 --- [    Test worker] com.zaxxer.hikari.HikariDataSource       : HikariPool-1 - Start completed.
2025-01-05T01:44:42.095+09:00  INFO 66031 --- [    Test worker] o.h.e.t.j.p.i.JtaPlatformInitiator       : HHH000489: No JTA platform available (set 'hibernate.transaction.jta.platform' to enable JTA platform integration)
Hibernate: 
    alter table board 
       drop 
       foreign key FKfyf1fchnby6hndhlfaidier1r
Hibernate: 
    alter table comment 
       drop 
       foreign key FK8kcum44fvpupyw6f5baccx25c
Hibernate: 
    drop table if exists board
Hibernate: 
    drop table if exists board_seq
Hibernate: 
    drop table if exists comment
Hibernate: 
    drop table if exists comment_seq
Hibernate: 
    drop table if exists user
Hibernate: 
    drop table if exists user_seq
Hibernate: 
    create table board (
        created_at datetime(6),
        id bigint not null,
        modified_at datetime(6),
        user_id bigint,
        content varchar(255),
        image varchar(255),
        title varchar(255),
        primary key (id)
    ) engine=InnoDB
Hibernate: 
    create table board_seq (
        next_val bigint
    ) engine=InnoDB
Hibernate: 
    insert into board_seq values ( 1 )
Hibernate: 
    create table comment (
        board_id bigint,
        created_at datetime(6),
        id bigint not null,
        modified_at datetime(6),
        user_id bigint,
        content varchar(255),
        primary key (id)
    ) engine=InnoDB
Hibernate: 
    create table comment_seq (
        next_val bigint
    ) engine=InnoDB
Hibernate: 
    insert into comment_seq values ( 1 )
Hibernate: 
    create table user (
        id bigint not null,
        login_id varchar(255) not null,
        password varchar(255) not null,
        username varchar(255) not null,
        primary key (id)
    ) engine=InnoDB
Hibernate: 
    create table user_seq (
        next_val bigint
    ) engine=InnoDB
Hibernate: 
    insert into user_seq values ( 1 )
Hibernate: 
    alter table board 
       add constraint FKfyf1fchnby6hndhlfaidier1r 
       foreign key (user_id) 
       references user (id)
Hibernate: 
    alter table comment 
       add constraint FK8kcum44fvpupyw6f5baccx25c 
       foreign key (user_id) 
       references user (id)
2025-01-05T01:44:42.208+09:00  INFO 66031 --- [    Test worker] j.LocalContainerEntityManagerFactoryBean : Initialized JPA EntityManagerFactory for persistence unit 'default'
2025-01-05T01:44:42.320+09:00  INFO 66031 --- [    Test worker] o.s.d.j.r.query.QueryEnhancerFactory     : Hibernate is in classpath; If applicable, HQL parser will be used.
2025-01-05T01:44:42.709+09:00  WARN 66031 --- [    Test worker] JpaBaseConfiguration$JpaWebConfiguration : spring.jpa.open-in-view is enabled by default. Therefore, database queries may be performed during view rendering. Explicitly configure spring.jpa.open-in-view to disable this warning
2025-01-05T01:44:43.111+09:00  INFO 66031 --- [    Test worker] j.culture.board.BoardApplicationTests    : Started BoardApplicationTests in 2.079 seconds (process running for 2.437)
]]></system-out>
  <system-err><![CDATA[]]></system-err>
</testsuite>
